<?xml version="1.0" encoding="UTF-8"?>
<!-- Generated by org.testng.reporters.JUnitReportReporter -->
<testsuite hostname="DESKTOP-QHOC536" failures="0" tests="3" name="com.letsdeel.testcases.SignUpTest" time="18.511" errors="0" timestamp="2020-11-09T13:33:37 IST" skipped="0">
  <testcase classname="com.letsdeel.testcases.SignUpTest" name="SignUpApp" time="6.319"/>
  <system-out/>
  <testcase classname="com.letsdeel.testcases.SignUpTest" name="FileSignUpApp" time="6.141"/>
  <system-out/>
  <testcase classname="com.letsdeel.testcases.SignUpTest" name="MisMatchPasswordsApp" time="6.051"/>
  <system-out/>
</testsuite> <!-- com.letsdeel.testcases.SignUpTest -->
