<?xml version="1.0" encoding="UTF-8"?>
<!-- Generated by org.testng.reporters.JUnitReportReporter -->
<testsuite hostname="DESKTOP-QHOC536" failures="0" tests="1" name="com.letsdeel.testcases.SignUpTest" time="4.788" errors="0" timestamp="2020-11-10T15:58:36 IST" skipped="0">
  <testcase classname="com.letsdeel.testcases.SignUpTest" name="FileSignUpApp" time="4.788"/>
  <system-out/>
</testsuite> <!-- com.letsdeel.testcases.SignUpTest -->
