<?xml version="1.0" encoding="UTF-8"?>
<!-- Generated by org.testng.reporters.JUnitReportReporter -->
<testsuite hostname="DESKTOP-QHOC536" failures="0" tests="3" name="com.letsdeel.testcases.SignUpTest" time="18.419" errors="0" timestamp="2020-11-08T17:21:53 IST" skipped="0">
  <testcase classname="com.letsdeel.testcases.SignUpTest" name="SignUpApp" time="6.268"/>
  <system-out/>
  <testcase classname="com.letsdeel.testcases.SignUpTest" name="FileSignUpApp" time="6.090"/>
  <system-out/>
  <testcase classname="com.letsdeel.testcases.SignUpTest" name="NegativeFileSignUpApp" time="6.061"/>
  <system-out/>
</testsuite> <!-- com.letsdeel.testcases.SignUpTest -->
