<?xml version="1.0" encoding="UTF-8"?>
<!-- Generated by org.testng.reporters.JUnitReportReporter -->
<testsuite hostname="DESKTOP-QHOC536" failures="0" tests="3" name="com.letsdeel.testcases.SignUpTest" time="20.793" errors="0" timestamp="2020-11-09T18:09:45 IST" skipped="0">
  <testcase classname="com.letsdeel.testcases.SignUpTest" name="SignUpApp" time="8.072"/>
  <system-out/>
  <testcase classname="com.letsdeel.testcases.SignUpTest" name="FileSignUpApp" time="6.642"/>
  <system-out/>
  <testcase classname="com.letsdeel.testcases.SignUpTest" name="MisMatchPasswordsApp" time="6.079"/>
  <system-out/>
</testsuite> <!-- com.letsdeel.testcases.SignUpTest -->
